This file contains any messages produced by compilers while
running configure, to aid debugging if configure makes a mistake.

It was created by SZ configure 1.4, which was
generated by GNU Autoconf 2.69.  Invocation command line was

  $ ./configure 

## --------- ##
## Platform. ##
## --------- ##

hostname = panda.ethz.ch
uname -m = x86_64
uname -r = 3.10.0-327.36.2.el7.x86_64
uname -s = Linux
uname -v = #1 SMP Mon Oct 10 23:08:37 UTC 2016

/usr/bin/uname -p = x86_64
/bin/uname -X     = unknown

/bin/arch              = x86_64
/usr/bin/arch -k       = unknown
/usr/convex/getsysinfo = unknown
/usr/bin/hostinfo      = unknown
/bin/machine           = unknown
/usr/bin/oslevel       = unknown
/bin/universe          = unknown

PATH: /opt/pgi/linux86-64/15.5/bin
PATH: /home/chatzidp/perl5/bin
PATH: /usr/local/bin
PATH: /usr/bin
PATH: /usr/local/sbin
PATH: /usr/sbin
PATH: /home/chatzidp/.local/bin
PATH: /home/chatzidp/bin
PATH: /opt/mpich/bin
PATH: /home/chatzidp/usr/torc/bin
PATH: /usr/local/MATLAB/R2014a/bin
PATH: /usr/local/cuda/bin
PATH: .


## ----------- ##
## Core tests. ##
## ----------- ##

configure:2394: checking for a BSD-compatible install
configure:2462: result: /usr/bin/install -c
configure:2473: checking whether build environment is sane
configure:2528: result: yes
configure:2679: checking for a thread-safe mkdir -p
configure:2718: result: /usr/bin/mkdir -p
configure:2725: checking for gawk
configure:2741: found /usr/bin/gawk
configure:2752: result: gawk
configure:2763: checking whether make sets $(MAKE)
configure:2785: result: yes
configure:2814: checking whether make supports nested variables
configure:2831: result: yes
configure:2969: checking for gcc
configure:2985: found /usr/bin/gcc
configure:2996: result: gcc
configure:3225: checking for C compiler version
configure:3234: gcc --version >&5
gcc (GCC) 4.8.5 20150623 (Red Hat 4.8.5-4)
Copyright (C) 2015 Free Software Foundation, Inc.
This is free software; see the source for copying conditions.  There is NO
warranty; not even for MERCHANTABILITY or FITNESS FOR A PARTICULAR PURPOSE.

configure:3245: $? = 0
configure:3234: gcc -v >&5
Using built-in specs.
COLLECT_GCC=gcc
COLLECT_LTO_WRAPPER=/usr/libexec/gcc/x86_64-redhat-linux/4.8.5/lto-wrapper
Target: x86_64-redhat-linux
Configured with: ../configure --prefix=/usr --mandir=/usr/share/man --infodir=/usr/share/info --with-bugurl=http://bugzilla.redhat.com/bugzilla --enable-bootstrap --enable-shared --enable-threads=posix --enable-checking=release --with-system-zlib --enable-__cxa_atexit --disable-libunwind-exceptions --enable-gnu-unique-object --enable-linker-build-id --with-linker-hash-style=gnu --enable-languages=c,c++,objc,obj-c++,java,fortran,ada,go,lto --enable-plugin --enable-initfini-array --disable-libgcj --with-isl=/builddir/build/BUILD/gcc-4.8.5-20150702/obj-x86_64-redhat-linux/isl-install --with-cloog=/builddir/build/BUILD/gcc-4.8.5-20150702/obj-x86_64-redhat-linux/cloog-install --enable-gnu-indirect-function --with-tune=generic --with-arch_32=x86-64 --build=x86_64-redhat-linux
Thread model: posix
gcc version 4.8.5 20150623 (Red Hat 4.8.5-4) (GCC) 
configure:3245: $? = 0
configure:3234: gcc -V >&5
gcc: error: unrecognized command line option '-V'
gcc: fatal error: no input files
compilation terminated.
configure:3245: $? = 4
configure:3234: gcc -qversion >&5
gcc: error: unrecognized command line option '-qversion'
gcc: fatal error: no input files
compilation terminated.
configure:3245: $? = 4
configure:3265: checking whether the C compiler works
configure:3287: gcc -O3   conftest.c  >&5
configure:3291: $? = 0
configure:3339: result: yes
configure:3342: checking for C compiler default output file name
configure:3344: result: a.out
configure:3350: checking for suffix of executables
configure:3357: gcc -o conftest -O3   conftest.c  >&5
configure:3361: $? = 0
configure:3383: result: 
configure:3405: checking whether we are cross compiling
configure:3413: gcc -o conftest -O3   conftest.c  >&5
configure:3417: $? = 0
configure:3424: ./conftest
configure:3428: $? = 0
configure:3443: result: no
configure:3448: checking for suffix of object files
configure:3470: gcc -c -O3  conftest.c >&5
configure:3474: $? = 0
configure:3495: result: o
configure:3499: checking whether we are using the GNU C compiler
configure:3518: gcc -c -O3  conftest.c >&5
configure:3518: $? = 0
configure:3527: result: yes
configure:3536: checking whether gcc accepts -g
configure:3556: gcc -c -g  conftest.c >&5
configure:3556: $? = 0
configure:3597: result: yes
configure:3614: checking for gcc option to accept ISO C89
configure:3677: gcc  -c -O3  conftest.c >&5
configure:3677: $? = 0
configure:3690: result: none needed
configure:3721: checking for style of include used by make
configure:3749: result: GNU
configure:3775: checking dependency style of gcc
configure:3886: result: gcc3
configure:3954: checking for gfortran
configure:3970: found /usr/bin/gfortran
configure:3981: result: gfortran
configure:4007: checking for Fortran compiler version
configure:4016: gfortran --version >&5
GNU Fortran (GCC) 4.8.5 20150623 (Red Hat 4.8.5-4)
Copyright (C) 2015 Free Software Foundation, Inc.

GNU Fortran comes with NO WARRANTY, to the extent permitted by law.
You may redistribute copies of GNU Fortran
under the terms of the GNU General Public License.
For more information about these matters, see the file named COPYING

configure:4027: $? = 0
configure:4016: gfortran -v >&5
Using built-in specs.
COLLECT_GCC=gfortran
COLLECT_LTO_WRAPPER=/usr/libexec/gcc/x86_64-redhat-linux/4.8.5/lto-wrapper
Target: x86_64-redhat-linux
Configured with: ../configure --prefix=/usr --mandir=/usr/share/man --infodir=/usr/share/info --with-bugurl=http://bugzilla.redhat.com/bugzilla --enable-bootstrap --enable-shared --enable-threads=posix --enable-checking=release --with-system-zlib --enable-__cxa_atexit --disable-libunwind-exceptions --enable-gnu-unique-object --enable-linker-build-id --with-linker-hash-style=gnu --enable-languages=c,c++,objc,obj-c++,java,fortran,ada,go,lto --enable-plugin --enable-initfini-array --disable-libgcj --with-isl=/builddir/build/BUILD/gcc-4.8.5-20150702/obj-x86_64-redhat-linux/isl-install --with-cloog=/builddir/build/BUILD/gcc-4.8.5-20150702/obj-x86_64-redhat-linux/cloog-install --enable-gnu-indirect-function --with-tune=generic --with-arch_32=x86-64 --build=x86_64-redhat-linux
Thread model: posix
gcc version 4.8.5 20150623 (Red Hat 4.8.5-4) (GCC) 
configure:4027: $? = 0
configure:4016: gfortran -V >&5
gfortran: error: unrecognized command line option '-V'
gfortran: fatal error: no input files
compilation terminated.
configure:4027: $? = 4
configure:4016: gfortran -qversion >&5
gfortran: error: unrecognized command line option '-qversion'
gfortran: fatal error: no input files
compilation terminated.
configure:4027: $? = 4
configure:4036: checking whether we are using the GNU Fortran compiler
configure:4049: gfortran -c   conftest.F >&5
configure:4049: $? = 0
configure:4058: result: yes
configure:4064: checking whether gfortran accepts -g
configure:4075: gfortran -c -g  conftest.f >&5
configure:4075: $? = 0
configure:4083: result: yes
configure:4155: checking for ranlib
configure:4171: found /usr/bin/ranlib
configure:4182: result: ranlib
configure:4254: checking for ar
configure:4270: found /usr/bin/ar
configure:4281: result: ar
configure:4307: checking the archiver (ar) interface
configure:4317: gcc -c -O3  conftest.c >&5
configure:4317: $? = 0
configure:4319: ar cru libconftest.a conftest.o >&5
configure:4322: $? = 0
configure:4345: result: ar
configure:4394: checking build system type
configure:4408: result: x86_64-unknown-linux-gnu
configure:4428: checking host system type
configure:4441: result: x86_64-unknown-linux-gnu
configure:4482: checking how to print strings
configure:4509: result: printf
configure:4530: checking for a sed that does not truncate output
configure:4594: result: /usr/bin/sed
configure:4612: checking for grep that handles long lines and -e
configure:4670: result: /usr/bin/grep
configure:4675: checking for egrep
configure:4737: result: /usr/bin/grep -E
configure:4742: checking for fgrep
configure:4804: result: /usr/bin/grep -F
configure:4839: checking for ld used by gcc
configure:4906: result: /usr/bin/ld
configure:4913: checking if the linker (/usr/bin/ld) is GNU ld
configure:4928: result: yes
configure:4940: checking for BSD- or MS-compatible name lister (nm)
configure:4989: result: /usr/bin/nm -B
configure:5119: checking the name lister (/usr/bin/nm -B) interface
configure:5126: gcc -c -O3  conftest.c >&5
configure:5129: /usr/bin/nm -B "conftest.o"
configure:5132: output
0000000000000000 B some_variable
configure:5139: result: BSD nm
configure:5142: checking whether ln -s works
configure:5146: result: yes
configure:5154: checking the maximum length of command line arguments
configure:5284: result: 1572864
configure:5301: checking whether the shell understands some XSI constructs
configure:5311: result: yes
configure:5315: checking whether the shell understands "+="
configure:5321: result: yes
configure:5356: checking how to convert x86_64-unknown-linux-gnu file names to x86_64-unknown-linux-gnu format
configure:5396: result: func_convert_file_noop
configure:5403: checking how to convert x86_64-unknown-linux-gnu file names to toolchain format
configure:5423: result: func_convert_file_noop
configure:5430: checking for /usr/bin/ld option to reload object files
configure:5437: result: -r
configure:5511: checking for objdump
configure:5527: found /usr/bin/objdump
configure:5538: result: objdump
configure:5570: checking how to recognize dependent libraries
configure:5772: result: pass_all
configure:5857: checking for dlltool
configure:5887: result: no
configure:5917: checking how to associate runtime and link libraries
configure:5944: result: printf %s\n
configure:6068: checking for archiver @FILE support
configure:6085: gcc -c -O3  conftest.c >&5
configure:6085: $? = 0
configure:6088: ar cru libconftest.a @conftest.lst >&5
configure:6091: $? = 0
configure:6096: ar cru libconftest.a @conftest.lst >&5
ar: conftest.o: No such file or directory
configure:6099: $? = 1
configure:6111: result: @
configure:6169: checking for strip
configure:6185: found /usr/bin/strip
configure:6196: result: strip
configure:6268: checking for ranlib
configure:6295: result: ranlib
configure:6397: checking command to parse /usr/bin/nm -B output from gcc object
configure:6517: gcc -c -O3  conftest.c >&5
configure:6520: $? = 0
configure:6524: /usr/bin/nm -B conftest.o \| sed -n -e 's/^.*[ ]\([ABCDGIRSTW][ABCDGIRSTW]*\)[ ][ ]*\([_A-Za-z][_A-Za-z0-9]*\)$/\1 \2 \2/p' | sed '/ __gnu_lto/d' \> conftest.nm
configure:6527: $? = 0
configure:6593: gcc -o conftest -O3   conftest.c conftstm.o >&5
configure:6596: $? = 0
configure:6634: result: ok
configure:6671: checking for sysroot
configure:6701: result: no
configure:6778: gcc -c -O3  conftest.c >&5
configure:6781: $? = 0
configure:6963: checking for mt
configure:6993: result: no
configure:7013: checking if : is a manifest tool
configure:7019: : '-?'
configure:7027: result: no
configure:7669: checking how to run the C preprocessor
configure:7700: gcc -E  conftest.c
configure:7700: $? = 0
configure:7714: gcc -E  conftest.c
conftest.c:11:28: fatal error: ac_nonexistent.h: No such file or directory
 #include <ac_nonexistent.h>
                            ^
compilation terminated.
configure:7714: $? = 1
configure: failed program was:
| /* confdefs.h */
| #define PACKAGE_NAME "SZ"
| #define PACKAGE_TARNAME "sz"
| #define PACKAGE_VERSION "1.4"
| #define PACKAGE_STRING "SZ 1.4"
| #define PACKAGE_BUGREPORT "sdi1@anl.gov"
| #define PACKAGE_URL ""
| #define PACKAGE "sz"
| #define VERSION "1.4"
| /* end confdefs.h.  */
| #include <ac_nonexistent.h>
configure:7739: result: gcc -E
configure:7759: gcc -E  conftest.c
configure:7759: $? = 0
configure:7773: gcc -E  conftest.c
conftest.c:11:28: fatal error: ac_nonexistent.h: No such file or directory
 #include <ac_nonexistent.h>
                            ^
compilation terminated.
configure:7773: $? = 1
configure: failed program was:
| /* confdefs.h */
| #define PACKAGE_NAME "SZ"
| #define PACKAGE_TARNAME "sz"
| #define PACKAGE_VERSION "1.4"
| #define PACKAGE_STRING "SZ 1.4"
| #define PACKAGE_BUGREPORT "sdi1@anl.gov"
| #define PACKAGE_URL ""
| #define PACKAGE "sz"
| #define VERSION "1.4"
| /* end confdefs.h.  */
| #include <ac_nonexistent.h>
configure:7802: checking for ANSI C header files
configure:7822: gcc -c -O3  conftest.c >&5
configure:7822: $? = 0
configure:7895: gcc -o conftest -O3   conftest.c  >&5
configure:7895: $? = 0
configure:7895: ./conftest
configure:7895: $? = 0
configure:7906: result: yes
configure:7919: checking for sys/types.h
configure:7919: gcc -c -O3  conftest.c >&5
configure:7919: $? = 0
configure:7919: result: yes
configure:7919: checking for sys/stat.h
configure:7919: gcc -c -O3  conftest.c >&5
configure:7919: $? = 0
configure:7919: result: yes
configure:7919: checking for stdlib.h
configure:7919: gcc -c -O3  conftest.c >&5
configure:7919: $? = 0
configure:7919: result: yes
configure:7919: checking for string.h
configure:7919: gcc -c -O3  conftest.c >&5
configure:7919: $? = 0
configure:7919: result: yes
configure:7919: checking for memory.h
configure:7919: gcc -c -O3  conftest.c >&5
configure:7919: $? = 0
configure:7919: result: yes
configure:7919: checking for strings.h
configure:7919: gcc -c -O3  conftest.c >&5
configure:7919: $? = 0
configure:7919: result: yes
configure:7919: checking for inttypes.h
configure:7919: gcc -c -O3  conftest.c >&5
configure:7919: $? = 0
configure:7919: result: yes
configure:7919: checking for stdint.h
configure:7919: gcc -c -O3  conftest.c >&5
configure:7919: $? = 0
configure:7919: result: yes
configure:7919: checking for unistd.h
configure:7919: gcc -c -O3  conftest.c >&5
configure:7919: $? = 0
configure:7919: result: yes
configure:7933: checking for dlfcn.h
configure:7933: gcc -c -O3  conftest.c >&5
configure:7933: $? = 0
configure:7933: result: yes
configure:8150: checking for objdir
configure:8165: result: .libs
configure:8432: checking if gcc supports -fno-rtti -fno-exceptions
configure:8450: gcc -c -O3  -fno-rtti -fno-exceptions conftest.c >&5
cc1: warning: command line option '-fno-rtti' is valid for C++/ObjC++ but not for C [enabled by default]
configure:8454: $? = 0
configure:8467: result: no
configure:8794: checking for gcc option to produce PIC
configure:8801: result: -fPIC -DPIC
configure:8809: checking if gcc PIC flag -fPIC -DPIC works
configure:8827: gcc -c -O3  -fPIC -DPIC -DPIC conftest.c >&5
configure:8831: $? = 0
configure:8844: result: yes
configure:8873: checking if gcc static flag -static works
configure:8901: result: no
configure:8916: checking if gcc supports -c -o file.o
configure:8937: gcc -c -O3  -o out/conftest2.o conftest.c >&5
configure:8941: $? = 0
configure:8963: result: yes
configure:8971: checking if gcc supports -c -o file.o
configure:9018: result: yes
configure:9051: checking whether the gcc linker (/usr/bin/ld -m elf_x86_64) supports shared libraries
configure:10204: result: yes
configure:10241: checking whether -lc should be explicitly linked in
configure:10249: gcc -c -O3  conftest.c >&5
configure:10252: $? = 0
configure:10267: gcc -shared  -fPIC -DPIC conftest.o  -v -Wl,-soname -Wl,conftest -o conftest 2\>\&1 \| /usr/bin/grep  -lc  \>/dev/null 2\>\&1
configure:10270: $? = 0
configure:10284: result: no
configure:10444: checking dynamic linker characteristics
configure:10955: gcc -o conftest -O3   -Wl,-rpath -Wl,/foo conftest.c  >&5
configure:10955: $? = 0
configure:11181: result: GNU/Linux ld.so
configure:11288: checking how to hardcode library paths into programs
configure:11313: result: immediate
configure:11853: checking whether stripping libraries is possible
configure:11858: result: yes
configure:11893: checking if libtool supports shared libraries
configure:11895: result: yes
configure:11898: checking whether to build shared libraries
configure:11919: result: yes
configure:11922: checking whether to build static libraries
configure:11926: result: yes
configure:12055: checking if libtool supports shared libraries
configure:12057: result: yes
configure:12060: checking whether to build shared libraries
configure:12080: result: yes
configure:12083: checking whether to build static libraries
configure:12087: result: yes
configure:12121: gfortran -c -g -O2  conftest.f >&5
configure:12124: $? = 0
configure:12571: checking for gfortran option to produce PIC
configure:12578: result: -fPIC
configure:12586: checking if gfortran PIC flag -fPIC works
configure:12604: gfortran -c -g -O2 -fPIC  conftest.f >&5
configure:12608: $? = 0
configure:12621: result: yes
configure:12644: checking if gfortran static flag -static works
configure:12672: result: no
configure:12684: checking if gfortran supports -c -o file.o
configure:12705: gfortran -c -g -O2 -o out/conftest2.o  conftest.f >&5
configure:12709: $? = 0
configure:12731: result: yes
configure:12736: checking if gfortran supports -c -o file.o
configure:12783: result: yes
configure:12813: checking whether the gfortran linker (/usr/bin/ld -m elf_x86_64) supports shared libraries
configure:13916: result: yes
configure:14057: checking dynamic linker characteristics
configure:14722: result: GNU/Linux ld.so
configure:14775: checking how to hardcode library paths into programs
configure:14800: result: immediate
configure:14860: checking fcntl.h usability
configure:14860: gcc -c -O3  conftest.c >&5
configure:14860: $? = 0
configure:14860: result: yes
configure:14860: checking fcntl.h presence
configure:14860: gcc -E  conftest.c
configure:14860: $? = 0
configure:14860: result: yes
configure:14860: checking for fcntl.h
configure:14860: result: yes
configure:14860: checking limits.h usability
configure:14860: gcc -c -O3  conftest.c >&5
configure:14860: $? = 0
configure:14860: result: yes
configure:14860: checking limits.h presence
configure:14860: gcc -E  conftest.c
configure:14860: $? = 0
configure:14860: result: yes
configure:14860: checking for limits.h
configure:14860: result: yes
configure:14860: checking malloc.h usability
configure:14860: gcc -c -O3  conftest.c >&5
configure:14860: $? = 0
configure:14860: result: yes
configure:14860: checking malloc.h presence
configure:14860: gcc -E  conftest.c
configure:14860: $? = 0
configure:14860: result: yes
configure:14860: checking for malloc.h
configure:14860: result: yes
configure:14860: checking stddef.h usability
configure:14860: gcc -c -O3  conftest.c >&5
configure:14860: $? = 0
configure:14860: result: yes
configure:14860: checking stddef.h presence
configure:14860: gcc -E  conftest.c
configure:14860: $? = 0
configure:14860: result: yes
configure:14860: checking for stddef.h
configure:14860: result: yes
configure:14860: checking for stdlib.h
configure:14860: result: yes
configure:14860: checking for string.h
configure:14860: result: yes
configure:14860: checking sys/time.h usability
configure:14860: gcc -c -O3  conftest.c >&5
configure:14860: $? = 0
configure:14860: result: yes
configure:14860: checking sys/time.h presence
configure:14860: gcc -E  conftest.c
configure:14860: $? = 0
configure:14860: result: yes
configure:14860: checking for sys/time.h
configure:14860: result: yes
configure:14860: checking for unistd.h
configure:14860: result: yes
configure:14872: checking for size_t
configure:14872: gcc -c -O3  conftest.c >&5
configure:14872: $? = 0
configure:14872: gcc -c -O3  conftest.c >&5
conftest.c: In function 'main':
conftest.c:67:21: error: expected expression before ')' token
 if (sizeof ((size_t)))
                     ^
configure:14872: $? = 1
configure: failed program was:
| /* confdefs.h */
| #define PACKAGE_NAME "SZ"
| #define PACKAGE_TARNAME "sz"
| #define PACKAGE_VERSION "1.4"
| #define PACKAGE_STRING "SZ 1.4"
| #define PACKAGE_BUGREPORT "sdi1@anl.gov"
| #define PACKAGE_URL ""
| #define PACKAGE "sz"
| #define VERSION "1.4"
| #define STDC_HEADERS 1
| #define HAVE_SYS_TYPES_H 1
| #define HAVE_SYS_STAT_H 1
| #define HAVE_STDLIB_H 1
| #define HAVE_STRING_H 1
| #define HAVE_MEMORY_H 1
| #define HAVE_STRINGS_H 1
| #define HAVE_INTTYPES_H 1
| #define HAVE_STDINT_H 1
| #define HAVE_UNISTD_H 1
| #define HAVE_DLFCN_H 1
| #define LT_OBJDIR ".libs/"
| #define HAVE_FCNTL_H 1
| #define HAVE_LIMITS_H 1
| #define HAVE_MALLOC_H 1
| #define HAVE_STDDEF_H 1
| #define HAVE_STDLIB_H 1
| #define HAVE_STRING_H 1
| #define HAVE_SYS_TIME_H 1
| #define HAVE_UNISTD_H 1
| /* end confdefs.h.  */
| #include <stdio.h>
| #ifdef HAVE_SYS_TYPES_H
| # include <sys/types.h>
| #endif
| #ifdef HAVE_SYS_STAT_H
| # include <sys/stat.h>
| #endif
| #ifdef STDC_HEADERS
| # include <stdlib.h>
| # include <stddef.h>
| #else
| # ifdef HAVE_STDLIB_H
| #  include <stdlib.h>
| # endif
| #endif
| #ifdef HAVE_STRING_H
| # if !defined STDC_HEADERS && defined HAVE_MEMORY_H
| #  include <memory.h>
| # endif
| # include <string.h>
| #endif
| #ifdef HAVE_STRINGS_H
| # include <strings.h>
| #endif
| #ifdef HAVE_INTTYPES_H
| # include <inttypes.h>
| #endif
| #ifdef HAVE_STDINT_H
| # include <stdint.h>
| #endif
| #ifdef HAVE_UNISTD_H
| # include <unistd.h>
| #endif
| int
| main ()
| {
| if (sizeof ((size_t)))
| 	    return 0;
|   ;
|   return 0;
| }
configure:14872: result: yes
configure:14883: checking for ptrdiff_t
configure:14883: gcc -c -O3  conftest.c >&5
configure:14883: $? = 0
configure:14883: gcc -c -O3  conftest.c >&5
conftest.c: In function 'main':
conftest.c:67:24: error: expected expression before ')' token
 if (sizeof ((ptrdiff_t)))
                        ^
configure:14883: $? = 1
configure: failed program was:
| /* confdefs.h */
| #define PACKAGE_NAME "SZ"
| #define PACKAGE_TARNAME "sz"
| #define PACKAGE_VERSION "1.4"
| #define PACKAGE_STRING "SZ 1.4"
| #define PACKAGE_BUGREPORT "sdi1@anl.gov"
| #define PACKAGE_URL ""
| #define PACKAGE "sz"
| #define VERSION "1.4"
| #define STDC_HEADERS 1
| #define HAVE_SYS_TYPES_H 1
| #define HAVE_SYS_STAT_H 1
| #define HAVE_STDLIB_H 1
| #define HAVE_STRING_H 1
| #define HAVE_MEMORY_H 1
| #define HAVE_STRINGS_H 1
| #define HAVE_INTTYPES_H 1
| #define HAVE_STDINT_H 1
| #define HAVE_UNISTD_H 1
| #define HAVE_DLFCN_H 1
| #define LT_OBJDIR ".libs/"
| #define HAVE_FCNTL_H 1
| #define HAVE_LIMITS_H 1
| #define HAVE_MALLOC_H 1
| #define HAVE_STDDEF_H 1
| #define HAVE_STDLIB_H 1
| #define HAVE_STRING_H 1
| #define HAVE_SYS_TIME_H 1
| #define HAVE_UNISTD_H 1
| /* end confdefs.h.  */
| #include <stdio.h>
| #ifdef HAVE_SYS_TYPES_H
| # include <sys/types.h>
| #endif
| #ifdef HAVE_SYS_STAT_H
| # include <sys/stat.h>
| #endif
| #ifdef STDC_HEADERS
| # include <stdlib.h>
| # include <stddef.h>
| #else
| # ifdef HAVE_STDLIB_H
| #  include <stdlib.h>
| # endif
| #endif
| #ifdef HAVE_STRING_H
| # if !defined STDC_HEADERS && defined HAVE_MEMORY_H
| #  include <memory.h>
| # endif
| # include <string.h>
| #endif
| #ifdef HAVE_STRINGS_H
| # include <strings.h>
| #endif
| #ifdef HAVE_INTTYPES_H
| # include <inttypes.h>
| #endif
| #ifdef HAVE_STDINT_H
| # include <stdint.h>
| #endif
| #ifdef HAVE_UNISTD_H
| # include <unistd.h>
| #endif
| int
| main ()
| {
| if (sizeof ((ptrdiff_t)))
| 	    return 0;
|   ;
|   return 0;
| }
configure:14883: result: yes
configure:14897: checking for stdlib.h
configure:14897: result: yes
configure:14907: checking for GNU libc compatible malloc
configure:14931: gcc -o conftest -O3   conftest.c  >&5
configure:14931: $? = 0
configure:14931: ./conftest
configure:14931: $? = 0
configure:14941: result: yes
configure:14964: checking for stdlib.h
configure:14964: result: yes
configure:14974: checking for GNU libc compatible realloc
configure:14998: gcc -o conftest -O3   conftest.c  >&5
configure:14998: $? = 0
configure:14998: ./conftest
configure:14998: $? = 0
configure:15008: result: yes
configure:15032: checking for memchr
configure:15032: gcc -o conftest -O3   conftest.c  >&5
conftest.c:59:6: warning: conflicting types for built-in function 'memchr' [enabled by default]
 char memchr ();
      ^
configure:15032: $? = 0
configure:15032: result: yes
configure:15032: checking for memset
configure:15032: gcc -o conftest -O3   conftest.c  >&5
conftest.c:60:6: warning: conflicting types for built-in function 'memset' [enabled by default]
 char memset ();
      ^
configure:15032: $? = 0
configure:15032: result: yes
configure:15032: checking for strchr
configure:15032: gcc -o conftest -O3   conftest.c  >&5
conftest.c:61:6: warning: conflicting types for built-in function 'strchr' [enabled by default]
 char strchr ();
      ^
configure:15032: $? = 0
configure:15032: result: yes
configure:15032: checking for strtol
configure:15032: gcc -o conftest -O3   conftest.c  >&5
configure:15032: $? = 0
configure:15032: result: yes
configure:15153: checking that generated files are newer than configure
configure:15159: result: done
configure:15182: creating ./config.status

## ---------------------- ##
## Running config.status. ##
## ---------------------- ##

This file was extended by SZ config.status 1.4, which was
generated by GNU Autoconf 2.69.  Invocation command line was

  CONFIG_FILES    = 
  CONFIG_HEADERS  = 
  CONFIG_LINKS    = 
  CONFIG_COMMANDS = 
  $ ./config.status 

on panda.ethz.ch

config.status:1162: creating Makefile
config.status:1162: creating sz/Makefile
config.status:1162: creating zlib/Makefile
config.status:1162: creating example/Makefile
config.status:1162: creating config.h
config.status:1391: executing depfiles commands
config.status:1391: executing libtool commands

## ---------------- ##
## Cache variables. ##
## ---------------- ##

ac_cv_build=x86_64-unknown-linux-gnu
ac_cv_c_compiler_gnu=yes
ac_cv_env_CC_set=
ac_cv_env_CC_value=
ac_cv_env_CFLAGS_set=
ac_cv_env_CFLAGS_value=
ac_cv_env_CPPFLAGS_set=
ac_cv_env_CPPFLAGS_value=
ac_cv_env_CPP_set=
ac_cv_env_CPP_value=
ac_cv_env_FCFLAGS_set=
ac_cv_env_FCFLAGS_value=
ac_cv_env_FC_set=
ac_cv_env_FC_value=
ac_cv_env_LDFLAGS_set=
ac_cv_env_LDFLAGS_value=
ac_cv_env_LIBS_set=
ac_cv_env_LIBS_value=
ac_cv_env_build_alias_set=
ac_cv_env_build_alias_value=
ac_cv_env_host_alias_set=
ac_cv_env_host_alias_value=
ac_cv_env_target_alias_set=
ac_cv_env_target_alias_value=
ac_cv_fc_compiler_gnu=yes
ac_cv_func_malloc_0_nonnull=yes
ac_cv_func_memchr=yes
ac_cv_func_memset=yes
ac_cv_func_realloc_0_nonnull=yes
ac_cv_func_strchr=yes
ac_cv_func_strtol=yes
ac_cv_header_dlfcn_h=yes
ac_cv_header_fcntl_h=yes
ac_cv_header_inttypes_h=yes
ac_cv_header_limits_h=yes
ac_cv_header_malloc_h=yes
ac_cv_header_memory_h=yes
ac_cv_header_stdc=yes
ac_cv_header_stddef_h=yes
ac_cv_header_stdint_h=yes
ac_cv_header_stdlib_h=yes
ac_cv_header_string_h=yes
ac_cv_header_strings_h=yes
ac_cv_header_sys_stat_h=yes
ac_cv_header_sys_time_h=yes
ac_cv_header_sys_types_h=yes
ac_cv_header_unistd_h=yes
ac_cv_host=x86_64-unknown-linux-gnu
ac_cv_objext=o
ac_cv_path_EGREP='/usr/bin/grep -E'
ac_cv_path_FGREP='/usr/bin/grep -F'
ac_cv_path_GREP=/usr/bin/grep
ac_cv_path_SED=/usr/bin/sed
ac_cv_path_install='/usr/bin/install -c'
ac_cv_path_mkdir=/usr/bin/mkdir
ac_cv_prog_AWK=gawk
ac_cv_prog_CPP='gcc -E'
ac_cv_prog_ac_ct_AR=ar
ac_cv_prog_ac_ct_CC=gcc
ac_cv_prog_ac_ct_FC=gfortran
ac_cv_prog_ac_ct_OBJDUMP=objdump
ac_cv_prog_ac_ct_RANLIB=ranlib
ac_cv_prog_ac_ct_STRIP=strip
ac_cv_prog_cc_c89=
ac_cv_prog_cc_g=yes
ac_cv_prog_fc_g=yes
ac_cv_prog_make_make_set=yes
ac_cv_type_ptrdiff_t=yes
ac_cv_type_size_t=yes
am_cv_CC_dependencies_compiler_type=gcc3
am_cv_ar_interface=ar
am_cv_make_support_nested_variables=yes
lt_cv_ar_at_file=@
lt_cv_archive_cmds_need_lc=no
lt_cv_deplibs_check_method=pass_all
lt_cv_file_magic_cmd='$MAGIC_CMD'
lt_cv_file_magic_test_file=
lt_cv_ld_reload_flag=-r
lt_cv_nm_interface='BSD nm'
lt_cv_objdir=.libs
lt_cv_path_LD=/usr/bin/ld
lt_cv_path_NM='/usr/bin/nm -B'
lt_cv_path_mainfest_tool=no
lt_cv_prog_compiler_c_o=yes
lt_cv_prog_compiler_c_o_FC=yes
lt_cv_prog_compiler_pic='-fPIC -DPIC'
lt_cv_prog_compiler_pic_FC=-fPIC
lt_cv_prog_compiler_pic_works=yes
lt_cv_prog_compiler_pic_works_FC=yes
lt_cv_prog_compiler_rtti_exceptions=no
lt_cv_prog_compiler_static_works=no
lt_cv_prog_compiler_static_works_FC=no
lt_cv_prog_gnu_ld=yes
lt_cv_sharedlib_from_linklib_cmd='printf %s\n'
lt_cv_shlibpath_overrides_runpath=no
lt_cv_sys_global_symbol_pipe='sed -n -e '\''s/^.*[	 ]\([ABCDGIRSTW][ABCDGIRSTW]*\)[	 ][	 ]*\([_A-Za-z][_A-Za-z0-9]*\)$/\1 \2 \2/p'\'' | sed '\''/ __gnu_lto/d'\'''
lt_cv_sys_global_symbol_to_c_name_address='sed -n -e '\''s/^: \([^ ]*\)[ ]*$/  {\"\1\", (void *) 0},/p'\'' -e '\''s/^[ABCDGIRSTW]* \([^ ]*\) \([^ ]*\)$/  {"\2", (void *) \&\2},/p'\'''
lt_cv_sys_global_symbol_to_c_name_address_lib_prefix='sed -n -e '\''s/^: \([^ ]*\)[ ]*$/  {\"\1\", (void *) 0},/p'\'' -e '\''s/^[ABCDGIRSTW]* \([^ ]*\) \(lib[^ ]*\)$/  {"\2", (void *) \&\2},/p'\'' -e '\''s/^[ABCDGIRSTW]* \([^ ]*\) \([^ ]*\)$/  {"lib\2", (void *) \&\2},/p'\'''
lt_cv_sys_global_symbol_to_cdecl='sed -n -e '\''s/^T .* \(.*\)$/extern int \1();/p'\'' -e '\''s/^[ABCDGIRSTW]* .* \(.*\)$/extern char \1;/p'\'''
lt_cv_sys_max_cmd_len=1572864
lt_cv_to_host_file_cmd=func_convert_file_noop
lt_cv_to_tool_file_cmd=func_convert_file_noop

## ----------------- ##
## Output variables. ##
## ----------------- ##

ACLOCAL='${SHELL} /home/chatzidp/gitlab/CubismZ/CubismApps/tools/sz-1.4.8-beta/missing aclocal-1.13'
AMDEPBACKSLASH='\'
AMDEP_FALSE='#'
AMDEP_TRUE=''
AMTAR='$${TAR-tar}'
AM_BACKSLASH='\'
AM_DEFAULT_V='$(AM_DEFAULT_VERBOSITY)'
AM_DEFAULT_VERBOSITY='1'
AM_V='$(V)'
AR='ar'
AUTOCONF='${SHELL} /home/chatzidp/gitlab/CubismZ/CubismApps/tools/sz-1.4.8-beta/missing autoconf'
AUTOHEADER='${SHELL} /home/chatzidp/gitlab/CubismZ/CubismApps/tools/sz-1.4.8-beta/missing autoheader'
AUTOMAKE='${SHELL} /home/chatzidp/gitlab/CubismZ/CubismApps/tools/sz-1.4.8-beta/missing automake-1.13'
AWK='gawk'
CC='gcc'
CCDEPMODE='depmode=gcc3'
CFLAGS='-O3'
CPP='gcc -E'
CPPFLAGS=''
CYGPATH_W='echo'
DEFS='-DHAVE_CONFIG_H'
DEPDIR='.deps'
DLLTOOL='false'
DSYMUTIL=''
DUMPBIN=''
ECHO_C=''
ECHO_N='-n'
ECHO_T=''
EGREP='/usr/bin/grep -E'
EXEEXT=''
FC='gfortran'
FCFLAGS='-g -O2'
FGREP='/usr/bin/grep -F'
GREP='/usr/bin/grep'
INSTALL_DATA='${INSTALL} -m 644'
INSTALL_PROGRAM='${INSTALL}'
INSTALL_SCRIPT='${INSTALL}'
INSTALL_STRIP_PROGRAM='$(install_sh) -c -s'
LD='/usr/bin/ld -m elf_x86_64'
LDFLAGS=''
LIBOBJS=''
LIBS=''
LIBTOOL='$(SHELL) $(top_builddir)/libtool'
LIPO=''
LN_S='ln -s'
LTLIBOBJS=''
MAKEINFO='${SHELL} /home/chatzidp/gitlab/CubismZ/CubismApps/tools/sz-1.4.8-beta/missing makeinfo'
MANIFEST_TOOL=':'
MKDIR_P='/usr/bin/mkdir -p'
NM='/usr/bin/nm -B'
NMEDIT=''
OBJDUMP='objdump'
OBJEXT='o'
OTOOL64=''
OTOOL=''
PACKAGE='sz'
PACKAGE_BUGREPORT='sdi1@anl.gov'
PACKAGE_NAME='SZ'
PACKAGE_STRING='SZ 1.4'
PACKAGE_TARNAME='sz'
PACKAGE_URL=''
PACKAGE_VERSION='1.4'
PATH_SEPARATOR=':'
RANLIB='ranlib'
SED='/usr/bin/sed'
SET_MAKE=''
SHELL='/bin/sh'
STRIP='strip'
VERSION='1.4'
ac_ct_AR='ar'
ac_ct_CC='gcc'
ac_ct_DUMPBIN=''
ac_ct_FC='gfortran'
am__EXEEXT_FALSE=''
am__EXEEXT_TRUE='#'
am__fastdepCC_FALSE='#'
am__fastdepCC_TRUE=''
am__include='include'
am__isrc=''
am__leading_dot='.'
am__nodep='_no'
am__quote=''
am__tar='$${TAR-tar} chof - "$$tardir"'
am__untar='$${TAR-tar} xf -'
bindir='${exec_prefix}/bin'
build='x86_64-unknown-linux-gnu'
build_alias=''
build_cpu='x86_64'
build_os='linux-gnu'
build_vendor='unknown'
datadir='${datarootdir}'
datarootdir='${prefix}/share'
docdir='${datarootdir}/doc/${PACKAGE_TARNAME}'
dvidir='${docdir}'
exec_prefix='${prefix}'
host='x86_64-unknown-linux-gnu'
host_alias=''
host_cpu='x86_64'
host_os='linux-gnu'
host_vendor='unknown'
htmldir='${docdir}'
includedir='${prefix}/include'
infodir='${datarootdir}/info'
install_sh='${SHELL} /home/chatzidp/gitlab/CubismZ/CubismApps/tools/sz-1.4.8-beta/install-sh'
libdir='${exec_prefix}/lib'
libexecdir='${exec_prefix}/libexec'
localedir='${datarootdir}/locale'
localstatedir='${prefix}/var'
mandir='${datarootdir}/man'
mkdir_p='$(MKDIR_P)'
oldincludedir='/usr/include'
pdfdir='${docdir}'
prefix='/usr/local'
program_transform_name='s,x,x,'
psdir='${docdir}'
sbindir='${exec_prefix}/sbin'
sharedstatedir='${prefix}/com'
sysconfdir='${prefix}/etc'
target_alias=''

## ----------- ##
## confdefs.h. ##
## ----------- ##

/* confdefs.h */
#define PACKAGE_NAME "SZ"
#define PACKAGE_TARNAME "sz"
#define PACKAGE_VERSION "1.4"
#define PACKAGE_STRING "SZ 1.4"
#define PACKAGE_BUGREPORT "sdi1@anl.gov"
#define PACKAGE_URL ""
#define PACKAGE "sz"
#define VERSION "1.4"
#define STDC_HEADERS 1
#define HAVE_SYS_TYPES_H 1
#define HAVE_SYS_STAT_H 1
#define HAVE_STDLIB_H 1
#define HAVE_STRING_H 1
#define HAVE_MEMORY_H 1
#define HAVE_STRINGS_H 1
#define HAVE_INTTYPES_H 1
#define HAVE_STDINT_H 1
#define HAVE_UNISTD_H 1
#define HAVE_DLFCN_H 1
#define LT_OBJDIR ".libs/"
#define HAVE_FCNTL_H 1
#define HAVE_LIMITS_H 1
#define HAVE_MALLOC_H 1
#define HAVE_STDDEF_H 1
#define HAVE_STDLIB_H 1
#define HAVE_STRING_H 1
#define HAVE_SYS_TIME_H 1
#define HAVE_UNISTD_H 1
#define HAVE_PTRDIFF_T 1
#define HAVE_STDLIB_H 1
#define HAVE_MALLOC 1
#define HAVE_STDLIB_H 1
#define HAVE_REALLOC 1
#define HAVE_MEMCHR 1
#define HAVE_MEMSET 1
#define HAVE_STRCHR 1
#define HAVE_STRTOL 1

configure: exit 0
