
( time ./runvisall ) |& tee -a out
skip existing ../nx128s_oh0.001_wall0_tmax4_vert/vis
skip existing ../nx128s_oh0.001_wall1_tmax4_vert/vis
skip existing ../nx128s_oh0.001_wall1_tmax4_vert_ns3/vis
skip existing ../nx128s_oh0.002_wall0_tmax4_vert/vis
skip existing ../nx128s_oh0.002_wall1_tmax4_vert/vis
skip existing ../nx128s_oh0.003_wall0_tmax4_vert/vis
skip existing ../nx128s_oh0.003_wall1_tmax4_vert/vis
skip existing ../nx128s_oh0.004_wall0_tmax4_vert/vis
skip existing ../nx128s_oh0.004_wall1_tmax4_vert/vis
skip existing ../nx128s_oh0.005_wall0_tmax4_vert/vis
skip existing ../nx128s_oh0.005_wall1_tmax4_vert/vis
skip existing ../nx128s_oh0.006_wall0_tmax4_vert/vis
skip existing ../nx128s_oh0.006_wall1_tmax4_vert/vis
skip existing ../nx128s_oh0.007_wall0_tmax4_vert/vis
skip existing ../nx128s_oh0.007_wall1_tmax4_vert/vis
skip existing ../nx128s_oh0.008_wall0_tmax4_vert/vis
skip existing ../nx128s_oh0.008_wall1_tmax4_vert/vis
skip existing ../nx128s_oh0.009_wall0_tmax4_vert/vis
skip existing ../nx128s_oh0.009_wall1_tmax4_vert/vis
skip existing ../nx128s_oh0.010_wall0_tmax4_vert/vis
skip existing ../nx128s_oh0.010_wall1_tmax4_vert/vis

real	0m0.047s
user	0m0.000s
sys	0m0.004s
'job.id' -> 'job.id.last'
done
 
Batch Job Summary Report for Job "vis" (12502435) on daint
-----------------------------------------------------------------------------------------------------
             Submit            Eligible               Start                 End    Elapsed  Timelimit 
------------------- ------------------- ------------------- ------------------- ---------- ---------- 
2019-03-21T09:05:32 2019-03-21T09:05:32 2019-03-21T09:05:39 2019-03-21T09:05:44   00:00:05 1-00:00:00 
-----------------------------------------------------------------------------------------------------
Username    Account     Partition   NNodes   Energy
----------  ----------  ----------  ------  --------------
karnakov    s754        normal           1      113 joules
 
This job did not utilize any GPUs
 
----------------------------------------------------------
Scratch File System        Files       Quota
--------------------  ----------  ----------
/scratch/snx3000          181359     1000000
 
