1575807462 556
1575807763 556
1575808065 556
1575808670 556
1575808972 556
1575809273 556
1575809574 556
1575809876 556
1575810177 556
1575810479 556
1575810780 556
1575811082 556
1575811384 556
1575811685 557
1575811987 557
1575812288 557
1575812589 558
1575812891 558
1575813192 558
1575813494 558
1575813796 558
1575814098 559
1575814400 559
1575814702 559
1575815003 559
1575815305 561
1575815607 561
1575815908 561
1575816210 561
1575816511 562
1575816813 562
1575817115 562
1575817416 563
1575817718 559
1575818019 559
1575818321 559
1575818622 560
1575818924 560
1575819226 560
1575819528 560
1575820135 562
1575820437 562
1575820739 562
1575821041 562
1575821342 562
1575821643 564
1575821945 570
1575822246 572
1575822548 574
1575822850 574
1575823151 574
1575823192 574
1575823793 576
1575824395 581
1575824996 581
1575825598 581
1575826200 589
1575826802 589
1575827403 590
1575828005 597
1575828607 598
1575829209 598
1575829811 602
1575830412 526
1575831013 607
1575831615 612
1575832217 615
1575832818 616
1575833420 619
1575834022 623
1575834624 623
1575835226 629
1575835827 631
1575836430 631
1575837031 634
1575837633 636
1575838235 637
1575838836 642
1575839437 644
1575839741 644
1575840697 651
1575840719 651
1575844321 672
1575847922 685
1575851524 715
1575855126 726
1575858728 731
1575862330 734
1575865932 734
1575869534 738
1575873135 742
1575876737 747
1575880338 760
1575883940 768
1575887542 772
1575891143 792
1575894745 792
1575898347 804
1575901949 821
1575905551 841
1575909153 850
1575912754 862
1575914146 872
1575917748 895
1575921350 916
1575924952 930
1575928554 951
1575932156 980
1575935758 999
1575977316 1438
1575977340 1438
1575980942 1478
1575984544 1507
1575988145 1530
1575991747 1570
1575995349 1532
1575998951 1560
1576002553 1574
1576006154 1603
1576009755 1613
1576013357 1626
1576016958 1642
1576020559 1655
1576024161 1669
1576027762 1676
1576031363 1681
1576034964 1683
1576038565 1683
1576042167 1683
1576045768 1686
1576049369 1694
1576052970 1699
1576056572 1707
1576060173 1718
1576063775 1727
1576067376 1733
1576070978 1738
1576074580 1744
1576075126 1747
1576078728 1711
1576082329 1715
1576085931 1729
1576089532 1736
1576093133 1749
1576096736 1759
1576100337 1768
1576103939 1776
1576107540 1782
1576111141
1576114746 1793
1576118348 1797
1576121950 1797
1576125551 1797
1576129153
1576132753 1800
1576136354 1802
1576139956 1804
1576143558 1808
1576147159 1810
1576150760 1814
1576154361 1817
1576157963 1820
1576161565 1826
1576165167 1820
1576168769 1824
1576172371 1827
1576175973 1828
1576179574 1835
1576183176 1846
1576186778 1859
1576190380 1869
1576193982 1873
1576197583 1878
1576201185 1883
1576204787 1885
1576208389 1887
1576211990 1891
1576215592 1894
1576219194 1895
1576222795 1896
1576226397 1897
1576229999 1899
1576233601 1903
1576237202 1915
1576240804 1920
1576244406 1921
1576248009 1923
1576251610 1913
1576255212 1915
1576258814 1918
1576262416 1921
1576266017 1923
1576269619 1931
1576273220 1935
1576276821 1938
1576280423 1939
1576284025 1942
1576287626 1943
1576291227 1944
1576294829 1946
1576298430 1949
1576302032 1949
1576305634 1950
1576309235 1950
1576312838 1952
1576316439 1956
1576320041 1957
1576323642 1961
1576327244 1963
1576330845 1963
1576334447 1964
1576338048 1964
1576341650 1967
1576345251 1967
1576348853 1971
1576352455 1971
1576356057 1973
1576359659 1975
1576363261 1976
1576366863 1976
1576370465 1976
1576374067 1979
1576377668 1986
1576381270 1987
1576384871 1987
1576388473 1987
1576392075 1987
1576395676 1987
1576399278 1987
1576402879 1989
1576406482 1990
1576410083 1992
1576413685 1994
1576417287 1995
1576420889 1999
1576424491 2001
1576428093 2005
1576431694 2008
1576435296 2010
1576438898 2013
1576442499 2016
1576446100 2019
1576449702 2019
1576453303 2020
1576456905 2023
1576460507 2024
1576464108 2025
1576467710 2027
1576471311 2027
1576474913 2027
1576478515 2028
1576482116 2029
1576485718 2030
1576489319 2033
1576492921 2033
1576496523 2033
1576500124 2035
1576503726 2035
1576507327 2037
1576510929 2037
1576514531 2038
1576518133 2040
1576521735 2043
1576525336 2044
1576528938 2045
1576532539 2045
1576536141 2050
1576539743 2052
1576543344 2053
1576546946 2053
1576550547 2056
1576554148 2057
1576557750 2057
1576561352 2057
1576564953 2058
1576568555 2058
1576572156 2059
1576575758 2059
1576579359 2060
1576582961 2062
1576586562 2064
1576590164 2068
1576593766 2068
1576597367 2068
1576600970 2068
1576604571 2069
1576608173 2070
1576611775 2071
1576615376 2072
1576618978 2073
1576622579 2073
1576626180 2075
1576629782 2076
1576633383 2078
1576636984 2078
1576640586 2078
1576644187 2078
1576647788 2078
1576651389 2080
1576654991 2082
1576658591 2082
1576662193 2083
1576665795 2088
1576669397 2088
1576672999 2088
1576676601 2088
1576680203 2088
1576683805 2089
1576687407 2090
1576691009 2090
1576694611 2091
1576698213 2091
1576701814 2092
1576705416 2096
1576709018 2096
1576712620 2096
1576716222 2097
1576719824 2098
1576723426 2100
1576727028 2100
1576730630 2100
1576734232 2101
1576737833 2101
1576741435 2101
1576745037 2101
1576748639 2101
1576752241 2101
1576755842 2068
1576759444 2104
1576763045 2108
1576766647 2110
1576770249 2110
1576773851 2110
1576777453 2110
1576781055 2111
1576784658 2111
1576788260 2111
1576791862 2113
1576795464 2113
1576799066 2114
1576802668 2114
1576806270 2114
1576809872 2114
1576813474 2114
1576817076 2116
1576820678 2118
1576824280 2118
1576827882 2119
1576831484 2119
1576835086 2121
1576838688 2122
1576842290 2122
1576845892 2123
1576849494 2123
1576853096 2124
1576856697 2123
1576860299 2124
1576863901 2124
1576867503 2125
1576871105 2125
1576874707 2125
1576878308 2125
1576881910 2125
1576885512 2126
1576889114 2128
1576892716 2129
1576896318 2129
1576899920 2129
1576903522 2129
1576907124 2130
1576910726 2130
1576914328 2131
1576917930 2132
1576921532 2132
1576925134 2132
1576928735 2132
1576932337 2132
1576935939 2132
1576939541 2132
1576943143 2131
1576946745 2131
1576950348 2131
1576953949 2131
1576957551 2131
1576961153 2131
1576964754 2131
1576968356 2132
1576971958 2132
1576975560 2132
1576979162 2132
1576982764 2132
1576986366 2133
1576989968 2133
1576993570 2068
1576997172 2133
1577000774 2133
1577004376 2133
1577007978 2133
1577011581 2135
1577015183 2136
1577018785 2136
1577022387 2068
1577025989 2138
1577029591 2138
1577033193 2138
1577036795 2138
1577040397 2138
1577043999 2139
1577047601 2142
1577051203 2068
1577054805 2142
1577058407 2142
1577062009 2142
1577065610 2068
1577069212 2143
1577072814 2143
1577076416 2143
1577080018 2143
1577083620 2143
1577087222 2145
1577090824 2145
1577094426 2145
1577098027 2146
1577101630 2148
1577105231 2068
1577108833 2149
1577112435 2148
1577116037 2149
1577119639 2149
1577123241 2149
1577126843 2152
1577130444 2152
1577134046 2152
1577137648 2153
1577141250 2153
1577144852 2153
1577148454 2156
1577152056 2156
1577155658 2156
1577159260 2156
1577162862 2156
1577166463 2156
1577170065 2156
1577173667 2156
1577177269 2157
1577180871 2158
1577184473 2158
1577188074 2158
1577191677 2158
1577195278 2158
1577198880 2125
1577202482 2158
1577206084 2158
1577209686 2159
1577213288 2125
1577216889 2160
1577220491 2161
1577224093 2125
1577227695 2161
1577231297 2163
1577234899 2164
1577238501 2165
1577242102 2165
1577245704 2165
1577249306 2165
1577252908 2165
1577256510 2165
1577260112 2166
1577263714 2166
1577267316 2167
1577270918 2168
1577274520 2169
1577278122 2170
1577281723 2170
1577285325 2172
1577288927 2172
1577292529 2173
1577296131 2174
1577299732 2176
1577303334 2176
1577306936 2176
1577310538 2176
1577314140 2177
1577317742 2177
1577321343 2178
1577324945 2178
1577328547 2178
1577332149 2178
1577335751 2178
1577339353 2178
1577342954 2178
1577346556 2178
1577350158 2178
1577353760 2178
1577357362 2180
1577360964 2181
1577364566 2181
1577368168 2181
1577371769 2180
1577375371 2182
1577378973 2182
1577382575 2182
1577386177 2182
1577389779 2184
1577393381 2184
1577396982 2185
1577400584 2185
1577404186 2186
1577407788 2186
1577411390 2187
1577414992 2187
1577418594 2187
1577422196 2189
1577425798 2190
1577429400 2190
1577433002 2191
1577436603 2191
1577440205 2193
1577443807 2193
1577447409 2193
1577451011 2194
1577454613 2196
1577458214 2195
1577461816 2195
1577465418 2195
1577469020 2195
1577472622 2195
1577476223 2195
1577479825 2195
1577483427 2195
1577487029 2195
1577490631 2195
1577494233 2196
1577497834 2196
1577501436 2196
1577505038 2196
1577508640 2196
1577512242 2197
1577515844 2197
1577519445 2197
1577523047 2197
1577526649 2197
1577530251 2197
1577533853 2197
1577537454 2197
1577541057 2197
1577544658 2197
1577548260 2198
1577551862 2200
1577555463 2202
1577559065 2203
1577562667 2204
1577566269 2204
1577569870 2204
1577573472 2204
1577577074 2204
1577580676 2204
1577584278 2204
1577587879 2204
1577591481 2204
1577595083 2204
1577598685 2204
1577602286 2205
1577605888 2205
1577609490 2206
1577613092 2207
1577616694 2208
1577620296 2208
1577623897 2208
1577627499 2209
1577631101 2210
1577634703 2210
1577638304 2210
1577641906 2210
1577645508 2210
1577649110 2211
1577652711 2212
1577656313 2212
1577659915 2213
1577663517 2213
1577667118 2213
1577670720 2214
1577674322 2215
1577677924 2215
1577681525 2215
1577685127 2215
1577688729 2216
1577692330 2216
1577695932 2216
1577699534 2216
1577703136 2216
1577706738 2216
1577710339 2217
1577713941 2218
