Don Dez 5 15:39:26 CET 2019 455
Don Dez 5 15:56:06 CET 2019 455
Don Dez 5 16:12:47 CET 2019 455
Don Dez 5 16:29:27 CET 2019 455
Don Dez 5 16:46:08 CET 2019 455
Don Dez 5 17:02:48 CET 2019 455
Don Dez 5 17:19:29 CET 2019 455
Don Dez 5 17:36:10 CET 2019 460
Don Dez 5 17:52:50 CET 2019 460
Don Dez 5 18:09:31 CET 2019 462
Don Dez 5 18:26:11 CET 2019 463
Don Dez 5 18:42:52 CET 2019 463
Don Dez 5 18:59:32 CET 2019 464
Don Dez 5 19:16:13 CET 2019 465
Don Dez 5 19:32:54 CET 2019 466
Don Dez 5 19:49:34 CET 2019 466
Don Dez 5 20:06:15 CET 2019 466
Don Dez 5 20:22:56 CET 2019 466
Don Dez 5 20:39:36 CET 2019 468
Don Dez 5 20:56:17 CET 2019 468
Don Dez 5 21:12:57 CET 2019 468
Don Dez 5 21:29:38 CET 2019 468
Don Dez 5 21:46:19 CET 2019 468
Don Dez 5 22:02:59 CET 2019 469
Don Dez 5 22:19:40 CET 2019 469
Don Dez 5 22:36:20 CET 2019 471
Don Dez 5 22:53:01 CET 2019 472
Don Dez 5 23:09:41 CET 2019 472
Don Dez 5 23:26:22 CET 2019 472
Don Dez 5 23:43:02 CET 2019 472
Don Dez 5 23:59:43 CET 2019 472
Fre Dez 6 00:16:24 CET 2019 472
Fre Dez 6 00:33:04 CET 2019 472
Fre Dez 6 00:49:45 CET 2019 475
Fre Dez 6 01:06:25 CET 2019 475
Fre Dez 6 01:23:06 CET 2019 476
Fre Dez 6 01:39:46 CET 2019 436
Fre Dez 6 01:56:27 CET 2019 478
Fre Dez 6 02:13:07 CET 2019 481
Fre Dez 6 02:29:48 CET 2019 481
Fre Dez 6 02:46:29 CET 2019 482
Fre Dez 6 03:03:09 CET 2019 436
Fre Dez 6 03:19:50 CET 2019 483
Fre Dez 6 03:36:30 CET 2019 483
Fre Dez 6 03:53:11 CET 2019 483
Fre Dez 6 04:09:52 CET 2019 483
Fre Dez 6 04:26:32 CET 2019 483
Fre Dez 6 04:43:13 CET 2019 483
Fre Dez 6 04:59:53 CET 2019 483
Fre Dez 6 05:16:34 CET 2019 484
Fre Dez 6 05:33:14 CET 2019 484
Fre Dez 6 05:49:55 CET 2019 484
Fre Dez 6 06:06:36 CET 2019 484
Fre Dez 6 06:23:16 CET 2019 484
Fre Dez 6 06:39:57 CET 2019 484
Fre Dez 6 06:56:37 CET 2019 484
Fre Dez 6 07:13:18 CET 2019 484
Fre Dez 6 07:29:58 CET 2019 484
Fre Dez 6 07:46:39 CET 2019 484
Fre Dez 6 08:03:19 CET 2019 484
Fre Dez 6 08:20:00 CET 2019 484
Fre Dez 6 08:36:40 CET 2019 484
Fre Dez 6 08:53:21 CET 2019 484
Fre Dez 6 09:10:01 CET 2019 484
Fre Dez 6 09:26:42 CET 2019 485
Fre Dez 6 09:43:22 CET 2019 485
Fre Dez 6 10:00:03 CET 2019 486
Fre Dez 6 10:16:43 CET 2019 486
Fre Dez 6 10:33:24 CET 2019 486
Fre Dez 6 10:50:05 CET 2019 486
Fre Dez 6 11:06:45 CET 2019 486
Fre Dez 6 11:23:26 CET 2019 486
Fre Dez 6 11:40:06 CET 2019 486
Fre Dez 6 11:56:47 CET 2019 490
Fre Dez 6 12:13:27 CET 2019 490
Fre Dez 6 12:30:08 CET 2019 490
Fre Dez 6 12:46:48 CET 2019 493
Fre Dez 6 13:03:29 CET 2019 493
Fre Dez 6 13:20:09 CET 2019 493
Fre Dez 6 13:36:50 CET 2019 493
Fre Dez 6 13:53:31 CET 2019 493
Fre Dez 6 14:10:11 CET 2019 493
Fre Dez 6 14:26:52 CET 2019 494
Fre Dez 6 14:43:32 CET 2019 494
Fre Dez 6 15:00:13 CET 2019 494
Fre Dez 6 15:16:53 CET 2019 494
Fre Dez 6 15:33:34 CET 2019 494
Fre Dez 6 15:50:14 CET 2019 494
Fre Dez 6 16:06:55 CET 2019 494
Fre Dez 6 16:23:36 CET 2019 494
Fre Dez 6 16:40:16 CET 2019 492
Fre Dez 6 16:56:57 CET 2019 493
Fre Dez 6 17:13:37 CET 2019 493
Fre Dez 6 17:30:18 CET 2019 494
Fre Dez 6 17:46:59 CET 2019 494
Fre Dez 6 18:03:39 CET 2019 494
Fre Dez 6 18:20:20 CET 2019 494
Fre Dez 6 18:37:00 CET 2019 494
Fre Dez 6 18:53:41 CET 2019 495
Fre Dez 6 19:10:22 CET 2019 496
Fre Dez 6 19:27:02 CET 2019 498
Fre Dez 6 19:43:43 CET 2019 499
Fre Dez 6 20:00:23 CET 2019 501
Fre Dez 6 20:17:04 CET 2019 502
Fre Dez 6 20:33:45 CET 2019 503
Fre Dez 6 20:50:25 CET 2019 503
Fre Dez 6 21:07:06 CET 2019 503
Fre Dez 6 21:23:46 CET 2019 503
Fre Dez 6 21:40:27 CET 2019 504
Fre Dez 6 21:57:08 CET 2019 504
Fre Dez 6 22:13:48 CET 2019 506
Fre Dez 6 22:30:29 CET 2019 506
Fre Dez 6 22:47:09 CET 2019 507
Fre Dez 6 23:03:50 CET 2019 507
Fre Dez 6 23:20:30 CET 2019 508
Fre Dez 6 23:37:11 CET 2019 508
Fre Dez 6 23:53:51 CET 2019 508
Sam Dez 7 00:10:32 CET 2019 510
Sam Dez 7 00:27:12 CET 2019 511
Sam Dez 7 00:43:53 CET 2019 455
Sam Dez 7 01:00:33 CET 2019 511
Sam Dez 7 01:17:14 CET 2019 513
Sam Dez 7 01:33:54 CET 2019 513
Sam Dez 7 01:50:35 CET 2019 514
Sam Dez 7 02:07:15 CET 2019 514
Sam Dez 7 02:23:56 CET 2019 514
Sam Dez 7 02:40:36 CET 2019 515
Sam Dez 7 02:57:17 CET 2019 515
Sam Dez 7 03:13:58 CET 2019 515
Sam Dez 7 03:30:38 CET 2019 515
Sam Dez 7 03:47:19 CET 2019 515
Sam Dez 7 04:03:59 CET 2019 515
Sam Dez 7 04:20:40 CET 2019 515
Sam Dez 7 04:37:20 CET 2019 516
Sam Dez 7 04:54:01 CET 2019 516
Sam Dez 7 05:10:41 CET 2019 516
Sam Dez 7 05:27:22 CET 2019 516
Sam Dez 7 05:44:02 CET 2019 517
Sam Dez 7 06:00:43 CET 2019 517
Sam Dez 7 06:17:23 CET 2019 517
Sam Dez 7 06:34:04 CET 2019 517
Sam Dez 7 06:50:44 CET 2019 517
Sam Dez 7 07:07:25 CET 2019 517
Sam Dez 7 07:24:05 CET 2019 517
Sam Dez 7 07:40:46 CET 2019 518
Sam Dez 7 07:57:26 CET 2019 518
Sam Dez 7 08:14:07 CET 2019 518
Sam Dez 7 08:30:47 CET 2019 518
Sam Dez 7 08:47:28 CET 2019 518
Sam Dez 7 09:04:08 CET 2019 518
Sam Dez 7 09:20:49 CET 2019 519
Sam Dez 7 09:37:29 CET 2019 519
Sam Dez 7 09:54:10 CET 2019 520
Sam Dez 7 10:10:51 CET 2019 522
Sam Dez 7 10:27:31 CET 2019 522
Sam Dez 7 10:44:12 CET 2019 522
Sam Dez 7 11:00:52 CET 2019 522
Sam Dez 7 11:17:33 CET 2019 522
Sam Dez 7 11:34:13 CET 2019 523
Sam Dez 7 11:50:54 CET 2019 525
Sam Dez 7 12:07:34 CET 2019 525
Sam Dez 7 12:24:15 CET 2019 526
Sam Dez 7 12:40:55 CET 2019 526
Sam Dez 7 12:57:36 CET 2019 526
Sam Dez 7 13:14:16 CET 2019 526
Sam Dez 7 13:30:57 CET 2019 526
Sam Dez 7 13:47:38 CET 2019 526
Sam Dez 7 14:04:18 CET 2019 526
Sam Dez 7 14:20:59 CET 2019 527
Sam Dez 7 14:37:39 CET 2019 528
Sam Dez 7 14:54:20 CET 2019 529
Sam Dez 7 15:11:00 CET 2019 529
Sam Dez 7 15:27:41 CET 2019 530
Sam Dez 7 15:44:22 CET 2019 530
Sam Dez 7 16:01:02 CET 2019 528
Sam Dez 7 16:17:43 CET 2019 528
Sam Dez 7 16:34:23 CET 2019 528
Sam Dez 7 16:51:04 CET 2019 529
Sam Dez 7 17:07:44 CET 2019 530
Sam Dez 7 17:24:26 CET 2019 530
Sam Dez 7 17:41:07 CET 2019 533
Sam Dez 7 17:57:47 CET 2019 533
Sam Dez 7 18:14:28 CET 2019 533
Sam Dez 7 18:31:08 CET 2019 534
Sam Dez 7 18:47:49 CET 2019 534
Sam Dez 7 19:04:30 CET 2019 534
Sam Dez 7 19:21:10 CET 2019 534
Sam Dez 7 19:37:51 CET 2019 535
Sam Dez 7 19:54:32 CET 2019 535
Sam Dez 7 20:11:12 CET 2019 536
Sam Dez 7 20:27:53 CET 2019 537
Sam Dez 7 20:44:33 CET 2019 537
Sam Dez 7 21:01:14 CET 2019 537
Sam Dez 7 21:17:55 CET 2019 537
Sam Dez 7 21:34:35 CET 2019 538
Sam Dez 7 21:51:16 CET 2019 538
Sam Dez 7 22:07:56 CET 2019 538
Sam Dez 7 22:24:37 CET 2019 538
Sam Dez 7 22:41:17 CET 2019 538
Sam Dez 7 22:57:58 CET 2019 539
Sam Dez 7 23:14:38 CET 2019 539
Sam Dez 7 23:31:19 CET 2019 540
Sam Dez 7 23:48:00 CET 2019 540
Son Dez 8 00:04:40 CET 2019 540
Son Dez 8 00:21:21 CET 2019 540
Son Dez 8 00:38:01 CET 2019 541
Son Dez 8 00:54:42 CET 2019 541
Son Dez 8 01:11:22 CET 2019 541
Son Dez 8 01:28:03 CET 2019 542
Son Dez 8 01:44:43 CET 2019 543
Son Dez 8 02:01:24 CET 2019 544
Son Dez 8 02:18:04 CET 2019 544
Son Dez 8 02:34:45 CET 2019 544
Son Dez 8 02:51:25 CET 2019 544
Son Dez 8 03:08:06 CET 2019 544
Son Dez 8 03:24:46 CET 2019 545
Son Dez 8 03:41:27 CET 2019 545
Son Dez 8 03:58:08 CET 2019 545
Son Dez 8 04:14:48 CET 2019 546
Son Dez 8 04:31:29 CET 2019 526
Son Dez 8 04:48:09 CET 2019 546
Son Dez 8 05:04:50 CET 2019 546
Son Dez 8 05:21:30 CET 2019 546
Son Dez 8 05:38:11 CET 2019 546
Son Dez 8 05:54:51 CET 2019 547
Son Dez 8 06:11:32 CET 2019 548
Son Dez 8 06:28:13 CET 2019 548
Son Dez 8 06:44:53 CET 2019 548
Son Dez 8 07:01:34 CET 2019 548
Son Dez 8 07:18:14 CET 2019 548
Son Dez 8 07:34:55 CET 2019 548
Son Dez 8 07:51:35 CET 2019 548
Son Dez 8 08:08:16 CET 2019 548
Son Dez 8 08:24:57 CET 2019 548
Son Dez 8 08:41:37 CET 2019 548
Son Dez 8 08:58:18 CET 2019 548
Son Dez 8 09:14:58 CET 2019 548
Son Dez 8 09:31:39 CET 2019 548
Son Dez 8 09:48:19 CET 2019 548
Son Dez 8 10:05:00 CET 2019 548
Son Dez 8 10:21:40 CET 2019 548
Son Dez 8 10:38:21 CET 2019 548
Son Dez 8 10:55:01 CET 2019 549
Son Dez 8 11:11:42 CET 2019 526
Son Dez 8 11:28:22 CET 2019 549
Son Dez 8 11:45:03 CET 2019 550
Son Dez 8 12:01:44 CET 2019 553
Son Dez 8 12:18:24 CET 2019 554
Son Dez 8 12:35:05 CET 2019 554
Son Dez 8 12:51:45 CET 2019 554
Son Dez 8 13:08:26 CET 2019 556
Son Dez 8 13:25:07 CET 2019 556
Son Dez 8 13:41:47 CET 2019 556
Son Dez 8 13:58:28 CET 2019 556
Son Dez 8 14:15:08 CET 2019 556
Son Dez 8 14:31:49 CET 2019 557
Son Dez 8 14:48:29 CET 2019 558
Son Dez 8 15:05:10 CET 2019 558
Son Dez 8 15:21:50 CET 2019 559
Son Dez 8 15:38:31 CET 2019 561
Son Dez 8 15:55:12 CET 2019 562
Son Dez 8 16:11:52 CET 2019 559
Son Dez 8 16:28:33 CET 2019 560
Son Dez 8 16:45:13 CET 2019 561
Son Dez 8 17:01:54 CET 2019 562
Son Dez 8 17:18:34 CET 2019 570
Son Dez 8 17:35:15 CET 2019 574
Son Dez 8 17:51:55 CET 2019 578
Son Dez 8 18:08:36 CET 2019 581
Son Dez 8 18:25:17 CET 2019 585
Son Dez 8 18:41:57 CET 2019 589
Son Dez 8 18:58:38 CET 2019 597
Son Dez 8 19:15:19 CET 2019 598
Son Dez 8 19:31:59 CET 2019 607
Son Dez 8 19:48:40 CET 2019 607
Son Dez 8 20:05:20 CET 2019 614
Son Dez 8 20:22:01 CET 2019 617
Son Dez 8 20:38:42 CET 2019 623
Son Dez 8 20:55:22 CET 2019 627
Son Dez 8 21:12:03 CET 2019 631
Son Dez 8 21:28:43 CET 2019 634
Son Dez 8 21:45:24 CET 2019 636
Son Dez 8 22:02:04 CET 2019 644
Son Dez 8 22:18:45 CET 2019 644
Son Dez 8 22:35:25 CET 2019 651
Son Dez 8 22:52:06 CET 2019 656
Son Dez 8 23:08:46 CET 2019 664
Son Dez 8 23:25:27 CET 2019 666
Son Dez 8 23:42:08 CET 2019 674
Son Dez 8 23:58:48 CET 2019 678
Mon Dez 9 00:15:29 CET 2019 681
Mon Dez 9 00:32:09 CET 2019 685
Mon Dez 9 00:48:50 CET 2019 692
Mon Dez 9 01:05:30 CET 2019 705
Mon Dez 9 01:22:11 CET 2019 708
Mon Dez 9 01:38:51 CET 2019 718
Mon Dez 9 01:55:32 CET 2019 719
Mon Dez 9 02:12:13 CET 2019 723
Mon Dez 9 02:28:53 CET 2019 724
Mon Dez 9 02:45:34 CET 2019 726
Mon Dez 9 03:02:14 CET 2019 730
Mon Dez 9 03:18:55 CET 2019 731
Mon Dez 9 03:35:35 CET 2019 731
Mon Dez 9 03:52:16 CET 2019 731
Mon Dez 9 04:08:56 CET 2019 733
Mon Dez 9 04:25:37 CET 2019 733
Mon Dez 9 04:42:17 CET 2019 734
Mon Dez 9 04:58:58 CET 2019 734
Mon Dez 9 05:15:38 CET 2019 734
Mon Dez 9 05:32:19 CET 2019 734
Mon Dez 9 05:49:00 CET 2019 734
Mon Dez 9 06:05:40 CET 2019 735
Mon Dez 9 06:22:21 CET 2019 736
Mon Dez 9 06:39:01 CET 2019 739
Mon Dez 9 06:55:42 CET 2019 739
Mon Dez 9 07:12:22 CET 2019 742
Mon Dez 9 07:29:03 CET 2019 742
Mon Dez 9 07:45:43 CET 2019 744
Mon Dez 9 08:02:24 CET 2019 744
Mon Dez 9 08:19:04 CET 2019 745
Mon Dez 9 08:35:45 CET 2019 747
Mon Dez 9 08:52:25 CET 2019 748
Mon Dez 9 09:09:06 CET 2019 759
Mon Dez 9 09:25:46 CET 2019 759
Mon Dez 9 09:42:27 CET 2019 762
Mon Dez 9 09:59:07 CET 2019 764
Mon Dez 9 10:15:48 CET 2019 767
Mon Dez 9 10:32:28 CET 2019 768
Mon Dez 9 10:49:09 CET 2019 768
Mon Dez 9 11:05:50 CET 2019 768
Mon Dez 9 11:22:30 CET 2019 768
Mon Dez 9 11:39:11 CET 2019 778
Mon Dez 9 11:55:51 CET 2019 792
Mon Dez 9 12:12:32 CET 2019 792
Mon Dez 9 12:29:12 CET 2019 792
Mon Dez 9 12:45:53 CET 2019 792
Mon Dez 9 13:02:33 CET 2019 792
Mon Dez 9 13:19:14 CET 2019 792
Mon Dez 9 13:35:54 CET 2019 792
Mon Dez 9 13:52:35 CET 2019 794
Mon Dez 9 14:09:15 CET 2019 795
Mon Dez 9 14:25:56 CET 2019 802
Mon Dez 9 14:42:36 CET 2019 805
Mon Dez 9 14:59:17 CET 2019 811
Mon Dez 9 15:15:57 CET 2019 818
Mon Dez 9 15:32:38 CET 2019 821
Mon Dez 9 15:49:19 CET 2019 831
Mon Dez 9 16:05:59 CET 2019 834
Mon Dez 9 16:22:40 CET 2019 839
Mon Dez 9 16:39:20 CET 2019 841
Mon Dez 9 16:56:01 CET 2019 852
Mon Dez 9 17:12:42 CET 2019 839
Mon Dez 9 17:29:22 CET 2019 847
Mon Dez 9 17:46:03 CET 2019 852
Mon Dez 9 18:02:44 CET 2019 854
Mon Dez 9 18:19:24 CET 2019 861
Mon Dez 9 18:36:05 CET 2019 862
Mon Dez 9 18:52:45 CET 2019 871
Mon Dez 9 19:09:26 CET 2019 872
Mon Dez 9 19:26:07 CET 2019 878
Mon Dez 9 19:42:48 CET 2019 887
Mon Dez 9 19:59:28 CET 2019 895
Mon Dez 9 20:16:09 CET 2019 904
Mon Dez 9 20:32:49 CET 2019 912
Mon Dez 9 20:49:30 CET 2019 912
Mon Dez 9 21:06:11 CET 2019 921
Mon Dez 9 21:22:51 CET 2019 923
Mon Dez 9 21:39:32 CET 2019 928
Mon Dez 9 21:56:12 CET 2019 930
Mon Dez 9 22:12:53 CET 2019 933
Mon Dez 9 22:29:34 CET 2019 943
Mon Dez 9 22:46:14 CET 2019 944
Mon Dez 9 23:02:55 CET 2019 959
Mon Dez 9 23:19:35 CET 2019 964
Mon Dez 9 23:36:16 CET 2019 964
Mon Dez 9 23:52:56 CET 2019 980
Die Dez 10 00:09:37 CET 2019 980
Die Dez 10 00:26:18 CET 2019 990
Die Dez 10 00:42:58 CET 2019 995
Die Dez 10 00:59:39 CET 2019 999
Die Dez 10 01:16:19 CET 2019 1,004
Die Dez 10 01:33:00 CET 2019 1,007
Die Dez 10 01:49:41 CET 2019 1,008
Die Dez 10 02:06:21 CET 2019 1,011
Die Dez 10 02:23:02 CET 2019 1,014
Die Dez 10 02:39:42 CET 2019 1,014
Die Dez 10 02:56:23 CET 2019 1,017
Die Dez 10 03:13:03 CET 2019 1,017
Die Dez 10 03:29:44 CET 2019 1,020
Die Dez 10 03:46:24 CET 2019 1,023
Die Dez 10 04:03:05 CET 2019 1,025
Die Dez 10 04:19:45 CET 2019 1,026
Die Dez 10 04:36:26 CET 2019 1,027
Die Dez 10 04:53:07 CET 2019 1,030
Die Dez 10 05:09:47 CET 2019 1,030
Die Dez 10 05:26:28 CET 2019 1,031
Die Dez 10 05:43:08 CET 2019 1,032
Die Dez 10 05:59:49 CET 2019 1,033
Die Dez 10 06:16:29 CET 2019 1,034
Die Dez 10 06:33:10 CET 2019 1,034
Die Dez 10 06:49:51 CET 2019 1,034
Die Dez 10 07:06:31 CET 2019 1,034
Die Dez 10 07:23:12 CET 2019 1,037
Die Dez 10 07:39:52 CET 2019 1,039
Die Dez 10 07:56:33 CET 2019 1,041
Die Dez 10 08:13:13 CET 2019 1,043
Die Dez 10 08:29:54 CET 2019 1,044
Die Dez 10 08:46:34 CET 2019 1,044
Die Dez 10 09:03:15 CET 2019 1,044
Die Dez 10 09:19:55 CET 2019 1,044
Die Dez 10 09:36:36 CET 2019 1,056
Die Dez 10 09:53:16 CET 2019 1,071
Die Dez 10 10:09:57 CET 2019 1,102
Die Dez 10 10:26:37 CET 2019 1,174
Die Dez 10 10:43:18 CET 2019 1,187
Die Dez 10 10:59:58 CET 2019 1,261
Die Dez 10 11:16:39 CET 2019 1,282
Die Dez 10 11:33:19 CET 2019 1,366
Die Dez 10 11:50:00 CET 2019 1,393
Die Dez 10 12:06:40 CET 2019 1,424
Die Dez 10 12:23:21 CET 2019 1,431
Die Dez 10 12:40:02 CET 2019 1,441
Die Dez 10 12:56:42 CET 2019 1,458
Die Dez 10 13:13:23 CET 2019 1,473
Die Dez 10 13:30:03 CET 2019 1,478
Die Dez 10 13:46:44 CET 2019 1,492
Die Dez 10 14:03:24 CET 2019 1,504
Die Dez 10 14:20:05 CET 2019 1,504
Die Dez 10 14:36:45 CET 2019 1,514
Die Dez 10 14:53:26 CET 2019 1,519
Die Dez 10 15:10:07 CET 2019 1,529
Die Dez 10 15:26:47 CET 2019 1,530
Die Dez 10 15:43:28 CET 2019 1,555
Die Dez 10 16:00:08 CET 2019 1,557
Die Dez 10 16:16:49 CET 2019 1,568
Die Dez 10 16:33:29 CET 2019 1,571
Die Dez 10 16:50:10 CET 2019 1,575
Die Dez 10 17:06:50 CET 2019 1,532
Die Dez 10 17:23:31 CET 2019 1,532
Die Dez 10 17:40:12 CET 2019 1,537
Die Dez 10 17:56:52 CET 2019 1,540
Die Dez 10 18:13:33 CET 2019 1,547
Die Dez 10 18:30:13 CET 2019 1,560
Die Dez 10 18:46:54 CET 2019 1,561
Die Dez 10 19:03:35 CET 2019 1,566
Die Dez 10 19:20:15 CET 2019 1,571
Die Dez 10 19:36:56 CET 2019 1,577
Die Dez 10 19:53:36 CET 2019 1,586
Die Dez 10 20:10:17 CET 2019 1,592
Die Dez 10 20:26:57 CET 2019 1,603
Die Dez 10 20:43:38 CET 2019 1,603
Die Dez 10 21:00:19 CET 2019 1,607
Die Dez 10 21:16:59 CET 2019 1,609
Die Dez 10 21:33:40 CET 2019 1,614
Die Dez 10 21:50:24 CET 2019 1,616
Die Dez 10 22:07:05 CET 2019 1,620
Die Dez 10 22:23:45 CET 2019 1,626
Die Dez 10 22:40:26 CET 2019 1,630
Die Dez 10 22:57:06 CET 2019 1,637
Die Dez 10 23:13:47 CET 2019 1,640
Die Dez 10 23:30:28 CET 2019 1,642
Die Dez 10 23:47:08 CET 2019 1,646
Mit Dez 11 00:03:49 CET 2019 1,650
Mit Dez 11 00:20:29 CET 2019 1,652
Mit Dez 11 00:37:10 CET 2019 1,657
Mit Dez 11 00:53:51 CET 2019 1,661
Mit Dez 11 01:10:31 CET 2019 1,664
Mit Dez 11 01:27:12 CET 2019 1,669
Mit Dez 11 01:43:52 CET 2019 1,669
Mit Dez 11 02:00:33 CET 2019 1,671
Mit Dez 11 02:17:13 CET 2019 1,676
Mit Dez 11 02:33:54 CET 2019 1,676
Mit Dez 11 02:50:34 CET 2019 1,677
Mit Dez 11 03:07:15 CET 2019 1,681
Mit Dez 11 03:23:55 CET 2019 1,681
Mit Dez 11 03:40:36 CET 2019 1,681
Mit Dez 11 03:57:17 CET 2019 1,681
Mit Dez 11 04:13:57 CET 2019 1,682
Mit Dez 11 04:30:38 CET 2019 1,683
Mit Dez 11 04:47:18 CET 2019 1,683
Mit Dez 11 05:03:59 CET 2019 1,683
Mit Dez 11 05:20:39 CET 2019 1,683
Mit Dez 11 05:37:20 CET 2019 1,683
Mit Dez 11 05:54:00 CET 2019 1,683
Mit Dez 11 06:10:41 CET 2019 1,683
Mit Dez 11 06:27:21 CET 2019 1,683
Mit Dez 11 06:44:02 CET 2019 1,684
Mit Dez 11 07:00:42 CET 2019 1,684
Mit Dez 11 07:17:23 CET 2019 1,686
Mit Dez 11 07:34:04 CET 2019 1,686
Mit Dez 11 07:50:44 CET 2019 1,690
Mit Dez 11 08:07:25 CET 2019 1,691
Mit Dez 11 08:24:05 CET 2019 1,693
Mit Dez 11 08:40:46 CET 2019 1,696
Mit Dez 11 08:57:26 CET 2019 1,697
Mit Dez 11 09:14:07 CET 2019 1,698
Mit Dez 11 09:30:47 CET 2019 1,700
Mit Dez 11 09:47:28 CET 2019 1,701
Mit Dez 11 10:04:08 CET 2019 1,705
Mit Dez 11 10:20:49 CET 2019 1,707
Mit Dez 11 10:37:29 CET 2019 1,708
Mit Dez 11 10:54:10 CET 2019 1,710
Mit Dez 11 11:10:50 CET 2019 1,714
Mit Dez 11 11:27:31 CET 2019 1,718
Mit Dez 11 11:44:11 CET 2019 1,723
Mit Dez 11 12:00:52 CET 2019 1,724
Mit Dez 11 12:17:33 CET 2019 1,726
Mit Dez 11 12:34:13 CET 2019 1,729
Mit Dez 11 12:50:54 CET 2019 1,730
Mit Dez 11 13:07:34 CET 2019 1,732
Mit Dez 11 13:24:15 CET 2019 1,733
Mit Dez 11 13:40:55 CET 2019 1,733
Mit Dez 11 13:57:36 CET 2019 1,736
Mit Dez 11 14:14:16 CET 2019 1,737
Mit Dez 11 14:30:57 CET 2019 1,738
Mit Dez 11 14:47:37 CET 2019 1,738
Mit Dez 11 15:04:18 CET 2019 1,739
Mit Dez 11 15:20:58 CET 2019 1,742
Mit Dez 11 15:37:39 CET 2019 1,747
Mit Dez 11 15:54:20 CET 2019 1,749
Mit Dez 11 16:11:00 CET 2019 1,751
Mit Dez 11 16:27:41 CET 2019 1,629
Mit Dez 11 16:44:21 CET 2019 1,711
Mit Dez 11 17:01:02 CET 2019 1,712
Mit Dez 11 17:17:42 CET 2019 1,714
Mit Dez 11 17:34:23 CET 2019 1,715
Mit Dez 11 17:51:03 CET 2019 1,716
Mit Dez 11 18:07:44 CET 2019 1,725
Mit Dez 11 18:24:25 CET 2019 1,728
Mit Dez 11 18:41:05 CET 2019 1,729
Mit Dez 11 18:57:46 CET 2019 1,730
Mit Dez 11 19:14:27 CET 2019 1,732
Mit Dez 11 19:31:07 CET 2019 1,735
Mit Dez 11 19:47:48 CET 2019 1,736
Mit Dez 11 20:04:28 CET 2019 1,737
Mit Dez 11 20:21:09 CET 2019 1,743
Mit Dez 11 20:37:50 CET 2019 1,749
Mit Dez 11 20:54:30 CET 2019 1,751
Mit Dez 11 21:11:11 CET 2019 1,754
Mit Dez 11 21:27:51 CET 2019 1,755
Mit Dez 11 21:44:32 CET 2019 1,759
Mit Dez 11 22:01:12 CET 2019 1,763
Mit Dez 11 22:17:53 CET 2019 1,767
Mit Dez 11 22:34:34 CET 2019 1,768
Mit Dez 11 22:51:14 CET 2019 1,769
Mit Dez 11 23:07:55 CET 2019 1,774
Mit Dez 11 23:24:35 CET 2019 1,774
Mit Dez 11 23:41:16 CET 2019 1,776
Mit Dez 11 23:57:56 CET 2019 1,777
Don Dez 12 00:14:37 CET 2019 1,778
Don Dez 12 00:31:18 CET 2019 1,781
Don Dez 12 00:47:58 CET 2019 1,783
Don Dez 12 01:04:39 CET 2019 1,785
Don Dez 12 01:21:19 CET 2019 1,787
Don Dez 12 01:38:00 CET 2019 1,789
Don Dez 12 01:54:41 CET 2019 1,790
Don Dez 12 02:11:21 CET 2019 1,792
Don Dez 12 02:28:02 CET 2019 1,792
Don Dez 12 02:44:42 CET 2019 1,793
Don Dez 12 03:01:23 CET 2019 1,796
Don Dez 12 03:18:03 CET 2019 1,797
Don Dez 12 03:34:44 CET 2019 1,797
Don Dez 12 03:51:25 CET 2019 1,797
Don Dez 12 04:08:05 CET 2019 1,797
Don Dez 12 04:24:46 CET 2019 1,797
Don Dez 12 04:41:26 CET 2019 1,797
Don Dez 12 04:58:07 CET 2019 1,797
Don Dez 12 05:14:47 CET 2019 1,797
Don Dez 12 05:31:28 CET 2019 1,797
Don Dez 12 05:48:08 CET 2019 1,797
Don Dez 12 06:04:49 CET 2019 1,797
Don Dez 12 06:21:30 CET 2019 1,798
Don Dez 12 06:38:10 CET 2019
Don Dez 12 06:54:50 CET 2019 1,798
Don Dez 12 07:11:31 CET 2019 1,800
Don Dez 12 07:28:11 CET 2019 1,800
Don Dez 12 07:44:52 CET 2019 1,800
Don Dez 12 08:01:32 CET 2019 1,800
Don Dez 12 08:18:13 CET 2019 1,801
Don Dez 12 08:34:53 CET 2019 1,801
Don Dez 12 08:51:34 CET 2019 1,803
Don Dez 12 09:08:15 CET 2019 1,804
Don Dez 12 09:24:55 CET 2019 1,804
Don Dez 12 09:41:36 CET 2019 1,805
Don Dez 12 09:58:16 CET 2019 1,806
Don Dez 12 10:14:57 CET 2019 1,806
Don Dez 12 10:31:37 CET 2019 1,808
Don Dez 12 10:48:18 CET 2019 1,809
Don Dez 12 11:04:58 CET 2019 1,809
Don Dez 12 11:21:39 CET 2019 1,810
Don Dez 12 11:38:19 CET 2019 1,810
Don Dez 12 11:55:00 CET 2019 1,813
Don Dez 12 12:11:41 CET 2019 1,814
Don Dez 12 12:28:21 CET 2019 1,814
Don Dez 12 12:45:02 CET 2019 1,815
Don Dez 12 13:01:42 CET 2019 1,816
Don Dez 12 13:18:23 CET 2019 1,817
Don Dez 12 13:35:03 CET 2019 1,817
Don Dez 12 13:51:44 CET 2019 1,817
Don Dez 12 14:08:24 CET 2019 1,817
Don Dez 12 14:25:05 CET 2019 1,820
Don Dez 12 14:41:46 CET 2019 1,820
Don Dez 12 14:58:26 CET 2019 1,822
Don Dez 12 15:15:07 CET 2019 1,823
Don Dez 12 15:31:47 CET 2019 1,826
Don Dez 12 15:48:28 CET 2019 1,828
Don Dez 12 16:05:08 CET 2019 1,829
Don Dez 12 16:21:49 CET 2019 1,819
Don Dez 12 16:38:30 CET 2019 1,820
Don Dez 12 16:55:10 CET 2019 1,820
Don Dez 12 17:11:51 CET 2019 1,822
Don Dez 12 17:28:31 CET 2019 1,824
Don Dez 12 17:45:12 CET 2019 1,824
Don Dez 12 18:01:53 CET 2019 1,824
Don Dez 12 18:18:34 CET 2019 1,826
Don Dez 12 18:35:14 CET 2019 1,826
Don Dez 12 18:51:55 CET 2019 1,827
Don Dez 12 19:08:36 CET 2019 1,828
Don Dez 12 19:25:16 CET 2019 1,828
Don Dez 12 19:41:57 CET 2019 1,828
Don Dez 12 19:58:37 CET 2019 1,828
Don Dez 12 20:15:18 CET 2019 1,830
Don Dez 12 20:31:59 CET 2019 1,835
Don Dez 12 20:48:39 CET 2019 1,837
Don Dez 12 21:05:20 CET 2019 1,837
Don Dez 12 21:22:00 CET 2019 1,841
Don Dez 12 21:38:41 CET 2019 1,846
Don Dez 12 21:55:22 CET 2019 1,848
Don Dez 12 22:12:02 CET 2019 1,856
Don Dez 12 22:28:43 CET 2019 1,857
Don Dez 12 22:45:23 CET 2019 1,861
Don Dez 12 23:02:04 CET 2019 1,863
Don Dez 12 23:18:44 CET 2019 1,866
Don Dez 12 23:35:25 CET 2019 1,868
Don Dez 12 23:52:05 CET 2019 1,870
Fre Dez 13 00:08:46 CET 2019 1,871
Fre Dez 13 00:25:27 CET 2019 1,872
Fre Dez 13 00:42:07 CET 2019 1,875
Fre Dez 13 00:58:48 CET 2019 1,876
Fre Dez 13 01:15:28 CET 2019 1,877
Fre Dez 13 01:32:09 CET 2019 1,878
Fre Dez 13 01:48:49 CET 2019 1,878
Fre Dez 13 02:05:30 CET 2019 1,878
Fre Dez 13 02:22:11 CET 2019 1,881
Fre Dez 13 02:38:51 CET 2019 1,883
Fre Dez 13 02:55:32 CET 2019 1,883
Fre Dez 13 03:12:12 CET 2019 1,885
Fre Dez 13 03:28:53 CET 2019 1,885
Fre Dez 13 03:45:33 CET 2019 1,886
Fre Dez 13 04:02:14 CET 2019 1,886
Fre Dez 13 04:18:54 CET 2019 1,887
Fre Dez 13 04:35:35 CET 2019 1,887
Fre Dez 13 04:52:16 CET 2019 1,887
Fre Dez 13 05:08:56 CET 2019 1,889
Fre Dez 13 05:25:37 CET 2019 1,891
Fre Dez 13 05:42:17 CET 2019 1,891
Fre Dez 13 05:58:58 CET 2019 1,891
Fre Dez 13 06:15:39 CET 2019 1,892
Fre Dez 13 06:32:19 CET 2019 1,894
Fre Dez 13 06:49:00 CET 2019 1,894
Fre Dez 13 07:05:40 CET 2019 1,894
Fre Dez 13 07:22:21 CET 2019 1,894
Fre Dez 13 07:39:01 CET 2019 1,895
Fre Dez 13 07:55:42 CET 2019 1,895
Fre Dez 13 08:12:22 CET 2019 1,895
Fre Dez 13 08:29:03 CET 2019 1,896
Fre Dez 13 08:45:44 CET 2019 1,897
Fre Dez 13 09:02:24 CET 2019 1,897
Fre Dez 13 09:19:05 CET 2019 1,897
Fre Dez 13 09:35:45 CET 2019 1,897
Fre Dez 13 09:52:26 CET 2019 1,897
Fre Dez 13 10:09:06 CET 2019 1,897
Fre Dez 13 10:25:47 CET 2019 1,899
Fre Dez 13 10:42:27 CET 2019 1,899
Fre Dez 13 10:59:08 CET 2019 1,900
Fre Dez 13 11:15:48 CET 2019 1,900
Fre Dez 13 11:32:29 CET 2019 1,902
Fre Dez 13 11:49:09 CET 2019 1,905
Fre Dez 13 12:05:50 CET 2019 1,909
Fre Dez 13 12:22:30 CET 2019 1,915
Fre Dez 13 12:39:11 CET 2019 1,915
Fre Dez 13 12:55:52 CET 2019 1,915
Fre Dez 13 13:12:32 CET 2019 1,919
Fre Dez 13 13:29:13 CET 2019 1,919
Fre Dez 13 13:45:53 CET 2019 1,920
Fre Dez 13 14:02:34 CET 2019 1,920
Fre Dez 13 14:19:15 CET 2019 1,921
Fre Dez 13 14:35:55 CET 2019 1,921
Fre Dez 13 14:52:36 CET 2019 1,921
Fre Dez 13 15:09:16 CET 2019 1,922
Fre Dez 13 15:25:57 CET 2019 1,923
Fre Dez 13 15:42:37 CET 2019 1,924
Fre Dez 13 15:59:18 CET 2019 1,924
Fre Dez 13 16:15:58 CET 2019 1,912
Fre Dez 13 16:32:39 CET 2019 1,913
Fre Dez 13 16:49:20 CET 2019 1,913
Fre Dez 13 17:06:00 CET 2019 1,915
Fre Dez 13 17:22:41 CET 2019 1,915
Fre Dez 13 17:39:21 CET 2019 1,915
Fre Dez 13 17:56:02 CET 2019 1,915
Fre Dez 13 18:12:42 CET 2019 1,918
Fre Dez 13 18:29:23 CET 2019 1,918
Fre Dez 13 18:46:03 CET 2019 1,918
Fre Dez 13 19:02:44 CET 2019 1,919
